[debug] [2026-03-04T16:55:26.267Z] ----------------------------------------------------------------------
[debug] [2026-03-04T16:55:26.269Z] Command:       C:\Program Files\nodejs\node.exe C:\Users\HP\AppData\Roaming\npm\node_modules\firebase-tools\lib\bin\firebase.js deploy
[debug] [2026-03-04T16:55:26.269Z] CLI Version:   15.8.0
[debug] [2026-03-04T16:55:26.269Z] Platform:      win32
[debug] [2026-03-04T16:55:26.269Z] Node Version:  v24.7.0
[debug] [2026-03-04T16:55:26.269Z] Time:          Wed Mar 04 2026 18:55:26 GMT+0200 (Central Africa Time)
[debug] [2026-03-04T16:55:26.269Z] ----------------------------------------------------------------------
[debug] 
[debug] [2026-03-04T16:55:28.192Z] > command requires scopes: ["email","openid","https://www.googleapis.com/auth/cloudplatformprojects.readonly","https://www.googleapis.com/auth/firebase","https://www.googleapis.com/auth/cloud-platform"]
[debug] [2026-03-04T16:55:28.192Z] > authorizing via signed-in user (makurmajengm@gmail.com)
[debug] [2026-03-04T16:55:28.192Z] [iam] checking project cleannile-864ad for permissions ["firebase.projects.get","firebasehosting.sites.update"]
[debug] [2026-03-04T16:55:28.193Z] Checked if tokens are valid: true, expires at: 1772646907482
[debug] [2026-03-04T16:55:28.193Z] Checked if tokens are valid: true, expires at: 1772646907482
[debug] [2026-03-04T16:55:28.194Z] >>> [apiv2][query] POST https://cloudresourcemanager.googleapis.com/v1/projects/cleannile-864ad:testIamPermissions [none]
[debug] [2026-03-04T16:55:28.194Z] >>> [apiv2][(partial)header] POST https://cloudresourcemanager.googleapis.com/v1/projects/cleannile-864ad:testIamPermissions  x-goog-user-project=cleannile-864ad
[debug] [2026-03-04T16:55:28.194Z] >>> [apiv2][body] POST https://cloudresourcemanager.googleapis.com/v1/projects/cleannile-864ad:testIamPermissions {"permissions":["firebase.projects.get","firebasehosting.sites.update"]}
[debug] [2026-03-04T16:55:30.514Z] <<< [apiv2][status] POST https://cloudresourcemanager.googleapis.com/v1/projects/cleannile-864ad:testIamPermissions 200
[debug] [2026-03-04T16:55:30.514Z] <<< [apiv2][body] POST https://cloudresourcemanager.googleapis.com/v1/projects/cleannile-864ad:testIamPermissions {"permissions":["firebase.projects.get","firebasehosting.sites.update"]}
[debug] [2026-03-04T16:55:30.514Z] Checked if tokens are valid: true, expires at: 1772646907482
[debug] [2026-03-04T16:55:30.515Z] Checked if tokens are valid: true, expires at: 1772646907482
[debug] [2026-03-04T16:55:30.515Z] >>> [apiv2][query] GET https://firebase.googleapis.com/v1beta1/projects/cleannile-864ad [none]
[debug] [2026-03-04T16:55:31.857Z] <<< [apiv2][status] GET https://firebase.googleapis.com/v1beta1/projects/cleannile-864ad 200
[debug] [2026-03-04T16:55:31.857Z] <<< [apiv2][body] GET https://firebase.googleapis.com/v1beta1/projects/cleannile-864ad {"projectId":"cleannile-864ad","projectNumber":"521489165229","displayName":"CleanNile","name":"projects/cleannile-864ad","resources":{"hostingSite":"cleannile-864ad"},"state":"ACTIVE","etag":"1_25768513-0a57-4b5d-8b1a-b2da5ae092c2"}
[debug] [2026-03-04T16:55:34.482Z] defaultcredentials: writing to file C:\Users\HP\AppData\Roaming\firebase\makurmajengm_gmail_com_application_default_credentials.json
[debug] [2026-03-04T16:55:34.483Z] Checked if tokens are valid: true, expires at: 1772646907482
[debug] [2026-03-04T16:55:34.483Z] Checked if tokens are valid: true, expires at: 1772646907482
[debug] [2026-03-04T16:55:34.483Z] >>> [apiv2][query] GET https://firebasehosting.googleapis.com/v1beta1/projects/cleannile-864ad/sites pageToken=&pageSize=10
[debug] [2026-03-04T16:55:37.373Z] <<< [apiv2][status] GET https://firebasehosting.googleapis.com/v1beta1/projects/cleannile-864ad/sites 200
[debug] [2026-03-04T16:55:37.373Z] <<< [apiv2][body] GET https://firebasehosting.googleapis.com/v1beta1/projects/cleannile-864ad/sites {"sites":[{"name":"projects/cleannile-864ad/sites/cleannile-864ad","defaultUrl":"https://cleannile-864ad.web.app","type":"DEFAULT_SITE"}]}
[debug] [2026-03-04T16:55:37.374Z] Checked if tokens are valid: true, expires at: 1772646907482
[debug] [2026-03-04T16:55:37.374Z] Checked if tokens are valid: true, expires at: 1772646907482
[debug] [2026-03-04T16:55:37.374Z] >>> [apiv2][query] GET https://firebasehosting.googleapis.com/v1beta1/projects/cleannile-864ad/sites 
[debug] [2026-03-04T16:55:38.521Z] <<< [apiv2][status] GET https://firebasehosting.googleapis.com/v1beta1/projects/cleannile-864ad/sites 200
[debug] [2026-03-04T16:55:38.521Z] <<< [apiv2][body] GET https://firebasehosting.googleapis.com/v1beta1/projects/cleannile-864ad/sites {"sites":[{"name":"projects/cleannile-864ad/sites/cleannile-864ad","defaultUrl":"https://cleannile-864ad.web.app","type":"DEFAULT_SITE"}]}
[debug] [2026-03-04T16:55:38.522Z] Checked if tokens are valid: true, expires at: 1772646907482
[debug] [2026-03-04T16:55:38.522Z] Checked if tokens are valid: true, expires at: 1772646907482
[debug] [2026-03-04T16:55:38.522Z] >>> [apiv2][query] GET https://firebase.googleapis.com/v1beta1/projects/cleannile-864ad/webApps/-/config [none]
[debug] [2026-03-04T16:55:39.720Z] <<< [apiv2][status] GET https://firebase.googleapis.com/v1beta1/projects/cleannile-864ad/webApps/-/config 200
[debug] [2026-03-04T16:55:39.720Z] <<< [apiv2][body] GET https://firebase.googleapis.com/v1beta1/projects/cleannile-864ad/webApps/-/config {"projectId":"cleannile-864ad","appId":"1:521489165229:web:85a56c1f6988de3410cf24","storageBucket":"cleannile-864ad.firebasestorage.app","apiKey":"AIzaSyAuTF4vIw6ZleU65WGdcIhaMqTFc0uoNI0","authDomain":"cleannile-864ad.firebaseapp.com","messagingSenderId":"521489165229","projectNumber":"521489165229","version":"2"}
[info] 
   Thank you for trying our early preview of Next.js support on Firebase Hosting.
   During the preview, support is best-effort and breaking changes can be expected. Proceed with caution.
   The integration is known to work with Next.js version 12 - 15.0. You may encounter errors.

   Documentation: https://firebase.google.com/docs/hosting/frameworks/nextjs
   File a bug: https://github.com/firebase/firebase-tools/issues/new?template=bug_report.md
   Submit a feature request: https://github.com/firebase/firebase-tools/issues/new?template=feature_request.md

   We'd love to learn from you. Express your interest in helping us shape the future of Firebase Hosting: https://goo.gle/41enW5X

[debug] [2026-03-04T16:55:45.507Z] Checked if tokens are valid: true, expires at: 1772646907482
[debug] [2026-03-04T16:55:45.507Z] Checked if tokens are valid: true, expires at: 1772646907482
[debug] [2026-03-04T16:55:45.507Z] >>> [apiv2][query] GET https://firebasehosting.googleapis.com/v1beta1/projects/cleannile-864ad/sites/cleannile-864ad [none]
[debug] [2026-03-04T16:55:48.846Z] <<< [apiv2][status] GET https://firebasehosting.googleapis.com/v1beta1/projects/cleannile-864ad/sites/cleannile-864ad 200
[debug] [2026-03-04T16:55:48.846Z] <<< [apiv2][body] GET https://firebasehosting.googleapis.com/v1beta1/projects/cleannile-864ad/sites/cleannile-864ad {"name":"projects/cleannile-864ad/sites/cleannile-864ad","defaultUrl":"https://cleannile-864ad.web.app","type":"DEFAULT_SITE"}
[info] ▲ Next.js 16.1.6 (Turbopack)

[info] - Environments: .env.local


[info]   Creating an optimized production build ...

[info] ✓ Compiled successfully in 11.3s

[info]   Running TypeScript ...

[info]   Collecting page data using 11 workers ...

[info]   Generating static pages using 11 workers (0/11) ...

[info]   Generating static pages using 11 workers (2/11) 

[info]   Generating static pages using 11 workers (5/11) 

[info]   Generating static pages using 11 workers (8/11) 

[info] ✓ Generating static pages using 11 workers (11/11) in 707.9ms

[info]   Finalizing page optimization ...

[info] 

[info] Route (app)
┌ ○ /
├ ○ /_not-found
├ ○ /admin
├ ƒ /api/reports
├ ○ /dashboard
├ ○ /login
├ ○ /map
├ ○ /profile
└ ○ /report/new


○  (Static)   prerendered as static content
ƒ  (Dynamic)  server-rendered on demand


[info] Building a Cloud Function to run this application. This is needed due to:
[info]  • non-static component /api/reports/route
[info] 
[debug] [2026-03-04T16:56:10.493Z] Checked if tokens are valid: true, expires at: 1772646907482
[debug] [2026-03-04T16:56:10.493Z] Checked if tokens are valid: true, expires at: 1772646907482
[debug] [2026-03-04T16:56:10.494Z] >>> [apiv2][query] GET https://firebasehosting.googleapis.com/v1beta1/projects/cleannile-864ad/sites/cleannile-864ad [none]
[debug] [2026-03-04T16:56:12.703Z] <<< [apiv2][status] GET https://firebasehosting.googleapis.com/v1beta1/projects/cleannile-864ad/sites/cleannile-864ad 200
[debug] [2026-03-04T16:56:12.703Z] <<< [apiv2][body] GET https://firebasehosting.googleapis.com/v1beta1/projects/cleannile-864ad/sites/cleannile-864ad {"name":"projects/cleannile-864ad/sites/cleannile-864ad","defaultUrl":"https://cleannile-864ad.web.app","type":"DEFAULT_SITE"}
[debug] [2026-03-04T16:56:14.921Z] Error: EPERM: operation not permitted, symlink 'D:\cleannile-app\node_modules\firebase-admin' -> 'D:\cleannile-app\.firebase\cleannile-864ad\functions\.next\node_modules\firebase-admin-a14c8a5423a75469'
[debug] [2026-03-04T16:57:49.957Z] ----------------------------------------------------------------------
[debug] [2026-03-04T16:57:49.960Z] Command:       C:\Program Files\nodejs\node.exe C:\Users\HP\AppData\Roaming\npm\node_modules\firebase-tools\lib\bin\firebase.js deploy
[debug] [2026-03-04T16:57:49.961Z] CLI Version:   15.8.0
[debug] [2026-03-04T16:57:49.961Z] Platform:      win32
[debug] [2026-03-04T16:57:49.961Z] Node Version:  v24.7.0
[debug] [2026-03-04T16:57:49.961Z] Time:          Wed Mar 04 2026 18:57:49 GMT+0200 (Central Africa Time)
[debug] [2026-03-04T16:57:49.961Z] ----------------------------------------------------------------------
[debug] 
[debug] [2026-03-04T16:57:51.304Z] > command requires scopes: ["email","openid","https://www.googleapis.com/auth/cloudplatformprojects.readonly","https://www.googleapis.com/auth/firebase","https://www.googleapis.com/auth/cloud-platform"]
[debug] [2026-03-04T16:57:51.305Z] > authorizing via signed-in user (makurmajengm@gmail.com)
[debug] [2026-03-04T16:57:51.305Z] [iam] checking project cleannile-864ad for permissions ["firebase.projects.get","firebasehosting.sites.update"]
[debug] [2026-03-04T16:57:51.306Z] Checked if tokens are valid: true, expires at: 1772646907482
[debug] [2026-03-04T16:57:51.306Z] Checked if tokens are valid: true, expires at: 1772646907482
[debug] [2026-03-04T16:57:51.306Z] >>> [apiv2][query] POST https://cloudresourcemanager.googleapis.com/v1/projects/cleannile-864ad:testIamPermissions [none]
[debug] [2026-03-04T16:57:51.306Z] >>> [apiv2][(partial)header] POST https://cloudresourcemanager.googleapis.com/v1/projects/cleannile-864ad:testIamPermissions  x-goog-user-project=cleannile-864ad
[debug] [2026-03-04T16:57:51.306Z] >>> [apiv2][body] POST https://cloudresourcemanager.googleapis.com/v1/projects/cleannile-864ad:testIamPermissions {"permissions":["firebase.projects.get","firebasehosting.sites.update"]}
[debug] [2026-03-04T16:57:51.915Z] <<< [apiv2][status] POST https://cloudresourcemanager.googleapis.com/v1/projects/cleannile-864ad:testIamPermissions 200
[debug] [2026-03-04T16:57:51.915Z] <<< [apiv2][body] POST https://cloudresourcemanager.googleapis.com/v1/projects/cleannile-864ad:testIamPermissions {"permissions":["firebase.projects.get","firebasehosting.sites.update"]}
[debug] [2026-03-04T16:57:51.915Z] Checked if tokens are valid: true, expires at: 1772646907482
[debug] [2026-03-04T16:57:51.915Z] Checked if tokens are valid: true, expires at: 1772646907482
[debug] [2026-03-04T16:57:51.915Z] >>> [apiv2][query] GET https://firebase.googleapis.com/v1beta1/projects/cleannile-864ad [none]
[debug] [2026-03-04T16:57:52.629Z] <<< [apiv2][status] GET https://firebase.googleapis.com/v1beta1/projects/cleannile-864ad 200
[debug] [2026-03-04T16:57:52.630Z] <<< [apiv2][body] GET https://firebase.googleapis.com/v1beta1/projects/cleannile-864ad {"projectId":"cleannile-864ad","projectNumber":"521489165229","displayName":"CleanNile","name":"projects/cleannile-864ad","resources":{"hostingSite":"cleannile-864ad"},"state":"ACTIVE","etag":"1_25768513-0a57-4b5d-8b1a-b2da5ae092c2"}
[debug] [2026-03-04T16:57:54.380Z] defaultcredentials: writing to file C:\Users\HP\AppData\Roaming\firebase\makurmajengm_gmail_com_application_default_credentials.json
[debug] [2026-03-04T16:57:54.381Z] Checked if tokens are valid: true, expires at: 1772646907482
[debug] [2026-03-04T16:57:54.381Z] Checked if tokens are valid: true, expires at: 1772646907482
[debug] [2026-03-04T16:57:54.381Z] >>> [apiv2][query] GET https://firebasehosting.googleapis.com/v1beta1/projects/cleannile-864ad/sites pageToken=&pageSize=10
[debug] [2026-03-04T16:57:56.858Z] <<< [apiv2][status] GET https://firebasehosting.googleapis.com/v1beta1/projects/cleannile-864ad/sites 200
[debug] [2026-03-04T16:57:56.858Z] <<< [apiv2][body] GET https://firebasehosting.googleapis.com/v1beta1/projects/cleannile-864ad/sites {"sites":[{"name":"projects/cleannile-864ad/sites/cleannile-864ad","defaultUrl":"https://cleannile-864ad.web.app","appId":"1:521489165229:web:85a56c1f6988de3410cf24","type":"DEFAULT_SITE"}]}
[debug] [2026-03-04T16:57:56.858Z] Checked if tokens are valid: true, expires at: 1772646907482
[debug] [2026-03-04T16:57:56.858Z] Checked if tokens are valid: true, expires at: 1772646907482
[debug] [2026-03-04T16:57:56.858Z] >>> [apiv2][query] GET https://firebase.googleapis.com/v1beta1/projects/-/webApps/1:521489165229:web:85a56c1f6988de3410cf24/config [none]
[debug] [2026-03-04T16:57:57.543Z] <<< [apiv2][status] GET https://firebase.googleapis.com/v1beta1/projects/-/webApps/1:521489165229:web:85a56c1f6988de3410cf24/config 200
[debug] [2026-03-04T16:57:57.543Z] <<< [apiv2][body] GET https://firebase.googleapis.com/v1beta1/projects/-/webApps/1:521489165229:web:85a56c1f6988de3410cf24/config {"projectId":"cleannile-864ad","appId":"1:521489165229:web:85a56c1f6988de3410cf24","storageBucket":"cleannile-864ad.firebasestorage.app","apiKey":"AIzaSyAuTF4vIw6ZleU65WGdcIhaMqTFc0uoNI0","authDomain":"cleannile-864ad.firebaseapp.com","messagingSenderId":"521489165229","projectNumber":"521489165229","version":"2"}
[info] 
   Thank you for trying our early preview of Next.js support on Firebase Hosting.
   During the preview, support is best-effort and breaking changes can be expected. Proceed with caution.
   The integration is known to work with Next.js version 12 - 15.0. You may encounter errors.

   Documentation: https://firebase.google.com/docs/hosting/frameworks/nextjs
   File a bug: https://github.com/firebase/firebase-tools/issues/new?template=bug_report.md
   Submit a feature request: https://github.com/firebase/firebase-tools/issues/new?template=feature_request.md

   We'd love to learn from you. Express your interest in helping us shape the future of Firebase Hosting: https://goo.gle/41enW5X

[debug] [2026-03-04T16:58:01.572Z] Checked if tokens are valid: true, expires at: 1772646907482
[debug] [2026-03-04T16:58:01.572Z] Checked if tokens are valid: true, expires at: 1772646907482
[debug] [2026-03-04T16:58:01.573Z] >>> [apiv2][query] GET https://firebasehosting.googleapis.com/v1beta1/projects/cleannile-864ad/sites/cleannile-864ad [none]
[debug] [2026-03-04T16:58:02.470Z] <<< [apiv2][status] GET https://firebasehosting.googleapis.com/v1beta1/projects/cleannile-864ad/sites/cleannile-864ad 200
[debug] [2026-03-04T16:58:02.470Z] <<< [apiv2][body] GET https://firebasehosting.googleapis.com/v1beta1/projects/cleannile-864ad/sites/cleannile-864ad {"name":"projects/cleannile-864ad/sites/cleannile-864ad","defaultUrl":"https://cleannile-864ad.web.app","appId":"1:521489165229:web:85a56c1f6988de3410cf24","type":"DEFAULT_SITE"}
[info] ▲ Next.js 16.1.6 (Turbopack)

[info] - Environments: .env.local


[info]   Creating an optimized production build ...

[info] ✓ Compiled successfully in 7.2s

[info]   Running TypeScript ...

[info]   Collecting page data using 11 workers ...

[info]   Generating static pages using 11 workers (0/11) ...

[info]   Generating static pages using 11 workers (2/11) 

[info]   Generating static pages using 11 workers (5/11) 

[info]   Generating static pages using 11 workers (8/11) 

[info] ✓ Generating static pages using 11 workers (11/11) in 826.6ms

[info]   Finalizing page optimization ...

[info] 

[info] Route (app)
┌ ○ /
├ ○ /_not-found
├ ○ /admin
├ ƒ /api/reports
├ ○ /dashboard
├ ○ /login
├ ○ /map
├ ○ /profile
└ ○ /report/new


○  (Static)   prerendered as static content
ƒ  (Dynamic)  server-rendered on demand


[info] Building a Cloud Function to run this application. This is needed due to:
[info]  • non-static component /api/reports/route
[info] 
[debug] [2026-03-04T16:58:19.188Z] Checked if tokens are valid: true, expires at: 1772646907482
[debug] [2026-03-04T16:58:19.188Z] Checked if tokens are valid: true, expires at: 1772646907482
[debug] [2026-03-04T16:58:19.188Z] >>> [apiv2][query] GET https://firebasehosting.googleapis.com/v1beta1/projects/cleannile-864ad/sites/cleannile-864ad [none]
[debug] [2026-03-04T16:58:21.404Z] <<< [apiv2][status] GET https://firebasehosting.googleapis.com/v1beta1/projects/cleannile-864ad/sites/cleannile-864ad 200
[debug] [2026-03-04T16:58:21.404Z] <<< [apiv2][body] GET https://firebasehosting.googleapis.com/v1beta1/projects/cleannile-864ad/sites/cleannile-864ad {"name":"projects/cleannile-864ad/sites/cleannile-864ad","defaultUrl":"https://cleannile-864ad.web.app","appId":"1:521489165229:web:85a56c1f6988de3410cf24","type":"DEFAULT_SITE"}
[debug] [2026-03-04T16:58:23.425Z] Error: EPERM: operation not permitted, symlink 'D:\cleannile-app\node_modules\firebase-admin' -> 'D:\cleannile-app\.firebase\cleannile-864ad\functions\.next\node_modules\firebase-admin-a14c8a5423a75469'
[debug] [2026-03-04T17:20:20.796Z] ----------------------------------------------------------------------
[debug] [2026-03-04T17:20:20.798Z] Command:       C:\Program Files\nodejs\node.exe C:\Users\HP\AppData\Roaming\npm\node_modules\firebase-tools\lib\bin\firebase.js deploy
[debug] [2026-03-04T17:20:20.798Z] CLI Version:   15.8.0
[debug] [2026-03-04T17:20:20.798Z] Platform:      win32
[debug] [2026-03-04T17:20:20.798Z] Node Version:  v24.7.0
[debug] [2026-03-04T17:20:20.799Z] Time:          Wed Mar 04 2026 19:20:20 GMT+0200 (Central Africa Time)
[debug] [2026-03-04T17:20:20.799Z] ----------------------------------------------------------------------
[debug] 
[debug] [2026-03-04T17:20:21.715Z] > command requires scopes: ["email","openid","https://www.googleapis.com/auth/cloudplatformprojects.readonly","https://www.googleapis.com/auth/firebase","https://www.googleapis.com/auth/cloud-platform"]
[debug] [2026-03-04T17:20:21.715Z] > authorizing via signed-in user (makurmajengm@gmail.com)
[debug] [2026-03-04T17:20:21.715Z] [iam] checking project cleannile-864ad for permissions ["firebase.projects.get","firebasehosting.sites.update"]
[debug] [2026-03-04T17:20:21.716Z] Checked if tokens are valid: true, expires at: 1772646907482
[debug] [2026-03-04T17:20:21.716Z] Checked if tokens are valid: true, expires at: 1772646907482
[debug] [2026-03-04T17:20:21.717Z] >>> [apiv2][query] POST https://cloudresourcemanager.googleapis.com/v1/projects/cleannile-864ad:testIamPermissions [none]
[debug] [2026-03-04T17:20:21.717Z] >>> [apiv2][(partial)header] POST https://cloudresourcemanager.googleapis.com/v1/projects/cleannile-864ad:testIamPermissions  x-goog-user-project=cleannile-864ad
[debug] [2026-03-04T17:20:21.717Z] >>> [apiv2][body] POST https://cloudresourcemanager.googleapis.com/v1/projects/cleannile-864ad:testIamPermissions {"permissions":["firebase.projects.get","firebasehosting.sites.update"]}
[debug] [2026-03-04T17:20:22.773Z] <<< [apiv2][status] POST https://cloudresourcemanager.googleapis.com/v1/projects/cleannile-864ad:testIamPermissions 200
[debug] [2026-03-04T17:20:22.773Z] <<< [apiv2][body] POST https://cloudresourcemanager.googleapis.com/v1/projects/cleannile-864ad:testIamPermissions {"permissions":["firebase.projects.get","firebasehosting.sites.update"]}
[debug] [2026-03-04T17:20:22.774Z] Checked if tokens are valid: true, expires at: 1772646907482
[debug] [2026-03-04T17:20:22.774Z] Checked if tokens are valid: true, expires at: 1772646907482
[debug] [2026-03-04T17:20:22.774Z] >>> [apiv2][query] GET https://firebase.googleapis.com/v1beta1/projects/cleannile-864ad [none]
[debug] [2026-03-04T17:20:23.873Z] <<< [apiv2][status] GET https://firebase.googleapis.com/v1beta1/projects/cleannile-864ad 200
[debug] [2026-03-04T17:20:23.873Z] <<< [apiv2][body] GET https://firebase.googleapis.com/v1beta1/projects/cleannile-864ad {"projectId":"cleannile-864ad","projectNumber":"521489165229","displayName":"CleanNile","name":"projects/cleannile-864ad","resources":{"hostingSite":"cleannile-864ad"},"state":"ACTIVE","etag":"1_25768513-0a57-4b5d-8b1a-b2da5ae092c2"}
[debug] [2026-03-04T17:20:25.576Z] defaultcredentials: writing to file C:\Users\HP\AppData\Roaming\firebase\makurmajengm_gmail_com_application_default_credentials.json
[debug] [2026-03-04T17:20:25.582Z] Checked if tokens are valid: true, expires at: 1772646907482
[debug] [2026-03-04T17:20:25.582Z] Checked if tokens are valid: true, expires at: 1772646907482
[debug] [2026-03-04T17:20:25.582Z] >>> [apiv2][query] GET https://firebasehosting.googleapis.com/v1beta1/projects/cleannile-864ad/sites pageToken=&pageSize=10
[debug] [2026-03-04T17:20:27.617Z] <<< [apiv2][status] GET https://firebasehosting.googleapis.com/v1beta1/projects/cleannile-864ad/sites 200
[debug] [2026-03-04T17:20:27.617Z] <<< [apiv2][body] GET https://firebasehosting.googleapis.com/v1beta1/projects/cleannile-864ad/sites {"sites":[{"name":"projects/cleannile-864ad/sites/cleannile-864ad","defaultUrl":"https://cleannile-864ad.web.app","appId":"1:521489165229:web:85a56c1f6988de3410cf24","type":"DEFAULT_SITE"}]}
[debug] [2026-03-04T17:20:27.617Z] Checked if tokens are valid: true, expires at: 1772646907482
[debug] [2026-03-04T17:20:27.617Z] Checked if tokens are valid: true, expires at: 1772646907482
[debug] [2026-03-04T17:20:27.617Z] >>> [apiv2][query] GET https://firebase.googleapis.com/v1beta1/projects/-/webApps/1:521489165229:web:85a56c1f6988de3410cf24/config [none]
[debug] [2026-03-04T17:20:28.604Z] <<< [apiv2][status] GET https://firebase.googleapis.com/v1beta1/projects/-/webApps/1:521489165229:web:85a56c1f6988de3410cf24/config 200
[debug] [2026-03-04T17:20:28.604Z] <<< [apiv2][body] GET https://firebase.googleapis.com/v1beta1/projects/-/webApps/1:521489165229:web:85a56c1f6988de3410cf24/config {"projectId":"cleannile-864ad","appId":"1:521489165229:web:85a56c1f6988de3410cf24","storageBucket":"cleannile-864ad.firebasestorage.app","apiKey":"AIzaSyAuTF4vIw6ZleU65WGdcIhaMqTFc0uoNI0","authDomain":"cleannile-864ad.firebaseapp.com","messagingSenderId":"521489165229","projectNumber":"521489165229","version":"2"}
[info] 
   Thank you for trying our early preview of Next.js support on Firebase Hosting.
   During the preview, support is best-effort and breaking changes can be expected. Proceed with caution.
   The integration is known to work with Next.js version 12 - 15.0. You may encounter errors.

   Documentation: https://firebase.google.com/docs/hosting/frameworks/nextjs
   File a bug: https://github.com/firebase/firebase-tools/issues/new?template=bug_report.md
   Submit a feature request: https://github.com/firebase/firebase-tools/issues/new?template=feature_request.md

   We'd love to learn from you. Express your interest in helping us shape the future of Firebase Hosting: https://goo.gle/41enW5X

[debug] [2026-03-04T17:20:32.296Z] Checked if tokens are valid: true, expires at: 1772646907482
[debug] [2026-03-04T17:20:32.296Z] Checked if tokens are valid: true, expires at: 1772646907482
[debug] [2026-03-04T17:20:32.296Z] >>> [apiv2][query] GET https://firebasehosting.googleapis.com/v1beta1/projects/cleannile-864ad/sites/cleannile-864ad [none]
[debug] [2026-03-04T17:20:33.016Z] <<< [apiv2][status] GET https://firebasehosting.googleapis.com/v1beta1/projects/cleannile-864ad/sites/cleannile-864ad 200
[debug] [2026-03-04T17:20:33.016Z] <<< [apiv2][body] GET https://firebasehosting.googleapis.com/v1beta1/projects/cleannile-864ad/sites/cleannile-864ad {"name":"projects/cleannile-864ad/sites/cleannile-864ad","defaultUrl":"https://cleannile-864ad.web.app","appId":"1:521489165229:web:85a56c1f6988de3410cf24","type":"DEFAULT_SITE"}
[info] ▲ Next.js 16.1.6 (Turbopack)

[info] - Environments: .env.local


[info]   Creating an optimized production build ...

[info] ✓ Compiled successfully in 5.3s

[info]   Running TypeScript ...

[info]   Collecting page data using 11 workers ...

[info]   Generating static pages using 11 workers (0/11) ...

[info]   Generating static pages using 11 workers (2/11) 

[info]   Generating static pages using 11 workers (5/11) 

[info]   Generating static pages using 11 workers (8/11) 

[info] ✓ Generating static pages using 11 workers (11/11) in 449.7ms

[info]   Finalizing page optimization ...

[info] 

[info] Route (app)
┌ ○ /
├ ○ /_not-found
├ ○ /admin
├ ƒ /api/reports
├ ○ /dashboard
├ ○ /login
├ ○ /map
├ ○ /profile
└ ○ /report/new


○  (Static)   prerendered as static content
ƒ  (Dynamic)  server-rendered on demand


[info] Building a Cloud Function to run this application. This is needed due to:
[info]  • non-static component /api/reports/route
[info] 
[debug] [2026-03-04T17:20:45.549Z] Checked if tokens are valid: true, expires at: 1772646907482
[debug] [2026-03-04T17:20:45.549Z] Checked if tokens are valid: true, expires at: 1772646907482
[debug] [2026-03-04T17:20:45.549Z] >>> [apiv2][query] GET https://firebasehosting.googleapis.com/v1beta1/projects/cleannile-864ad/sites/cleannile-864ad [none]
[debug] [2026-03-04T17:20:47.459Z] <<< [apiv2][status] GET https://firebasehosting.googleapis.com/v1beta1/projects/cleannile-864ad/sites/cleannile-864ad 200
[debug] [2026-03-04T17:20:47.459Z] <<< [apiv2][body] GET https://firebasehosting.googleapis.com/v1beta1/projects/cleannile-864ad/sites/cleannile-864ad {"name":"projects/cleannile-864ad/sites/cleannile-864ad","defaultUrl":"https://cleannile-864ad.web.app","appId":"1:521489165229:web:85a56c1f6988de3410cf24","type":"DEFAULT_SITE"}
[debug] [2026-03-04T17:20:49.418Z] Error: EPERM: operation not permitted, symlink 'D:\cleannile-app\node_modules\firebase-admin' -> 'D:\cleannile-app\.firebase\cleannile-864ad\functions\.next\node_modules\firebase-admin-a14c8a5423a75469'
